<?xml version="1.0" encoding="UTF-8"?>
<testsuite xmlns:xsi="http://www.w3.org/2001/XMLSchema-instance" xsi:noNamespaceSchemaLocation="https://maven.apache.org/surefire/maven-surefire-plugin/xsd/surefire-test-report-3.0.xsd" version="3.0" name="com.tradingapp.ai.MLSignalEvaluatorTest" time="0.007" tests="5" errors="0" skipped="0" failures="0">
  <properties>
[...]
</properties>
  <testcase name="unknownIndicatorNamesAreIgnored" classname="com.tradingapp.ai.MLSignalEvaluatorTest" time="0.002"/>
  <testcase name="defaultWeightsYieldSameAsRawCount" classname="com.tradingapp.ai.MLSignalEvaluatorTest" time="0.001"/>
  <testcase name="emptySignalsReturnZero" classname="com.tradingapp.ai.MLSignalEvaluatorTest" time="0.001"/>
  <testcase name="weightedBuyScoreSumsWeightsOfBuySignals" classname="com.tradingapp.ai.MLSignalEvaluatorTest" time="0.001"/>
  <testcase name="weightedSellScoreSumsWeightsOfSellSignals" classname="com.tradingapp.ai.MLSignalEvaluatorTest" time="0.001"/>
</testsuite>